<?xml version="1.0" encoding="UTF-8"?>
<testng-results ignored="0" total="4" passed="4" failed="0" skipped="0">
  <reporter-output>
  </reporter-output>
  <suite started-at="2023-09-28T18:00:19 IST" name="Default suite" finished-at="2023-09-28T18:11:43 IST" duration-ms="684534">
    <groups>
    </groups>
    <test started-at="2023-09-28T18:00:19 IST" name="Default test" finished-at="2023-09-28T18:11:43 IST" duration-ms="684534">
      <class name="multipleClassRun.Class3">
        <test-method is-config="true" signature="launch()[pri:0, instance:multipleClassRun.Class3@2cb4893b]" started-at="2023-09-28T18:00:19 IST" name="launch" finished-at="2023-09-28T18:00:28 IST" duration-ms="9090" status="PASS">
          <reporter-output>
          </reporter-output>
        </test-method> <!-- launch -->
        <test-method signature="testcase3()[pri:0, instance:multipleClassRun.Class3@2cb4893b]" started-at="2023-09-28T18:00:28 IST" name="testcase3" finished-at="2023-09-28T18:02:38 IST" duration-ms="129983" status="PASS">
          <reporter-output>
          </reporter-output>
        </test-method> <!-- testcase3 -->
        <test-method is-config="true" signature="quit()[pri:0, instance:multipleClassRun.Class3@2cb4893b]" started-at="2023-09-28T18:02:38 IST" name="quit" finished-at="2023-09-28T18:02:49 IST" duration-ms="10765" status="PASS">
          <reporter-output>
          </reporter-output>
        </test-method> <!-- quit -->
      </class> <!-- multipleClassRun.Class3 -->
      <class name="multipleClassRun.Class4">
        <test-method is-config="true" signature="launch()[pri:0, instance:multipleClassRun.Class4@514646ef]" started-at="2023-09-28T18:02:49 IST" name="launch" finished-at="2023-09-28T18:02:56 IST" duration-ms="6902" status="PASS">
          <reporter-output>
          </reporter-output>
        </test-method> <!-- launch -->
        <test-method signature="testcase2()[pri:0, instance:multipleClassRun.Class4@514646ef]" started-at="2023-09-28T18:02:56 IST" name="testcase2" finished-at="2023-09-28T18:06:31 IST" duration-ms="215636" status="PASS">
          <reporter-output>
          </reporter-output>
        </test-method> <!-- testcase2 -->
        <test-method is-config="true" signature="quit()[pri:0, instance:multipleClassRun.Class4@514646ef]" started-at="2023-09-28T18:06:31 IST" name="quit" finished-at="2023-09-28T18:06:37 IST" duration-ms="5605" status="PASS">
          <reporter-output>
          </reporter-output>
        </test-method> <!-- quit -->
      </class> <!-- multipleClassRun.Class4 -->
      <class name="multipleClassRun.Class1">
        <test-method is-config="true" signature="launch()[pri:0, instance:multipleClassRun.Class1@302c971f]" started-at="2023-09-28T18:06:37 IST" name="launch" finished-at="2023-09-28T18:06:44 IST" duration-ms="7292" status="PASS">
          <reporter-output>
          </reporter-output>
        </test-method> <!-- launch -->
        <test-method signature="testcase1()[pri:0, instance:multipleClassRun.Class1@302c971f]" started-at="2023-09-28T18:06:44 IST" name="testcase1" finished-at="2023-09-28T18:09:28 IST" duration-ms="163433" status="PASS">
          <reporter-output>
          </reporter-output>
        </test-method> <!-- testcase1 -->
        <test-method is-config="true" signature="quit()[pri:0, instance:multipleClassRun.Class1@302c971f]" started-at="2023-09-28T18:09:28 IST" name="quit" finished-at="2023-09-28T18:09:38 IST" duration-ms="10256" status="PASS">
          <reporter-output>
          </reporter-output>
        </test-method> <!-- quit -->
      </class> <!-- multipleClassRun.Class1 -->
      <class name="multipleClassRun.Class2">
        <test-method is-config="true" signature="launch()[pri:0, instance:multipleClassRun.Class2@1972e513]" started-at="2023-09-28T18:09:38 IST" name="launch" finished-at="2023-09-28T18:09:46 IST" duration-ms="7800" status="PASS">
          <reporter-output>
          </reporter-output>
        </test-method> <!-- launch -->
        <test-method signature="testcase2()[pri:0, instance:multipleClassRun.Class2@1972e513]" started-at="2023-09-28T18:09:46 IST" name="testcase2" finished-at="2023-09-28T18:11:21 IST" duration-ms="94910" status="PASS">
          <reporter-output>
          </reporter-output>
        </test-method> <!-- testcase2 -->
        <test-method is-config="true" signature="quit()[pri:0, instance:multipleClassRun.Class2@1972e513]" started-at="2023-09-28T18:11:21 IST" name="quit" finished-at="2023-09-28T18:11:43 IST" duration-ms="22608" status="PASS">
          <reporter-output>
          </reporter-output>
        </test-method> <!-- quit -->
      </class> <!-- multipleClassRun.Class2 -->
    </test> <!-- Default test -->
  </suite> <!-- Default suite -->
</testng-results>
