<?xml version="1.0" encoding="UTF-8"?>
<!-- Generated by org.testng.reporters.JUnitXMLReporter -->
<testsuite ignored="0" hostname="Nidhis-Air" failures="0" tests="4" name="Default test" time="684.534" errors="0" timestamp="2023-09-28T18:11:44 IST">
  <testcase classname="multipleClassRun.Class3" name="testcase3" time="129.983"/>
  <testcase classname="multipleClassRun.Class4" name="testcase2" time="215.636"/>
  <testcase classname="multipleClassRun.Class1" name="testcase1" time="163.433"/>
  <testcase classname="multipleClassRun.Class2" name="testcase2" time="94.91"/>
</testsuite> <!-- Default test -->
